B001LS1.extendedFrags.fastq.gz
99.637% of 31956 reads accepted (100.000% end-trimmed)
B002LS4.extendedFrags.fastq.gz
99.640% of 31924 reads accepted (100.000% end-trimmed)
B003LS5.extendedFrags.fastq.gz
99.568% of 40926 reads accepted (100.000% end-trimmed)
B004LW1.extendedFrags.fastq.gz
99.784% of 34724 reads accepted (100.000% end-trimmed)
B005LW2.extendedFrags.fastq.gz
99.634% of 27590 reads accepted (100.000% end-trimmed)
B006LW3.extendedFrags.fastq.gz
99.620% of 30277 reads accepted (100.000% end-trimmed)
B007CiS1.extendedFrags.fastq.gz
99.773% of 36928 reads accepted (100.000% end-trimmed)
B008CiS4.extendedFrags.fastq.gz
99.515% of 50980 reads accepted (100.000% end-trimmed)
B009CiS5.extendedFrags.fastq.gz
99.719% of 41245 reads accepted (100.000% end-trimmed)
B010CiW1.extendedFrags.fastq.gz
99.737% of 33787 reads accepted (100.000% end-trimmed)
B011CiW2.extendedFrags.fastq.gz
99.776% of 32541 reads accepted (100.000% end-trimmed)
B012CiW3.extendedFrags.fastq.gz
99.528% of 42966 reads accepted (100.000% end-trimmed)
B013ArS3.extendedFrags.fastq.gz
99.631% of 44678 reads accepted (100.000% end-trimmed)
B014ArS4.extendedFrags.fastq.gz
99.714% of 52137 reads accepted (100.000% end-trimmed)
B015ArS5.extendedFrags.fastq.gz
99.626% of 41402 reads accepted (100.000% end-trimmed)
B016ArW1.extendedFrags.fastq.gz
99.693% of 37443 reads accepted (100.000% end-trimmed)
B017ArW2.extendedFrags.fastq.gz
99.542% of 29922 reads accepted (100.000% end-trimmed)
B018ArW3.extendedFrags.fastq.gz
99.753% of 48222 reads accepted (100.000% end-trimmed)
B019PhS3.extendedFrags.fastq.gz
99.660% of 46994 reads accepted (100.000% end-trimmed)
B020PhS4.extendedFrags.fastq.gz
99.751% of 38936 reads accepted (100.000% end-trimmed)
B021PhS5.extendedFrags.fastq.gz
99.407% of 48596 reads accepted (100.000% end-trimmed)
B022PhW1.extendedFrags.fastq.gz
99.610% of 48209 reads accepted (100.000% end-trimmed)
B023PhW2.extendedFrags.fastq.gz
99.541% of 25283 reads accepted (100.000% end-trimmed)
B024PhW3.extendedFrags.fastq.gz
99.725% of 145786 reads accepted (100.000% end-trimmed)
B025PiS3.extendedFrags.fastq.gz
99.547% of 41460 reads accepted (100.000% end-trimmed)
B026PiS4.extendedFrags.fastq.gz
99.680% of 45951 reads accepted (100.000% end-trimmed)
B027PiS5.extendedFrags.fastq.gz
99.729% of 55082 reads accepted (100.000% end-trimmed)
B028PiW1.extendedFrags.fastq.gz
99.579% of 23267 reads accepted (100.000% end-trimmed)
B029PiW2.extendedFrags.fastq.gz
99.780% of 50521 reads accepted (100.000% end-trimmed)
B030PiW3.extendedFrags.fastq.gz
99.743% of 29207 reads accepted (100.000% end-trimmed)
B031MyS1.extendedFrags.fastq.gz
99.696% of 46054 reads accepted (100.000% end-trimmed)
B032MyS2.extendedFrags.fastq.gz
99.660% of 42664 reads accepted (100.000% end-trimmed)
B033MyS3.extendedFrags.fastq.gz
99.717% of 61934 reads accepted (100.000% end-trimmed)
B034MyW3.extendedFrags.fastq.gz
99.707% of 47094 reads accepted (100.000% end-trimmed)
B035MyW4.extendedFrags.fastq.gz
99.753% of 11335 reads accepted (100.000% end-trimmed)
B036MyW5.extendedFrags.fastq.gz
99.818% of 47759 reads accepted (100.000% end-trimmed)
B037QS2.extendedFrags.fastq.gz
99.645% of 45676 reads accepted (100.000% end-trimmed)
B038QS3.extendedFrags.fastq.gz
99.748% of 30142 reads accepted (100.000% end-trimmed)
B039QS4.extendedFrags.fastq.gz
99.743% of 12849 reads accepted (100.000% end-trimmed)
B040QW1.extendedFrags.fastq.gz
99.693% of 59333 reads accepted (100.000% end-trimmed)
B041QW2.extendedFrags.fastq.gz
99.648% of 25006 reads accepted (100.000% end-trimmed)
B042QW4.extendedFrags.fastq.gz
99.696% of 50667 reads accepted (100.000% end-trimmed)
B043MeS2.extendedFrags.fastq.gz
99.749% of 50947 reads accepted (100.000% end-trimmed)
B044MeS3.extendedFrags.fastq.gz
99.752% of 46014 reads accepted (100.000% end-trimmed)
B045MeS5.extendedFrags.fastq.gz
99.719% of 34567 reads accepted (100.000% end-trimmed)
B046MeW2.extendedFrags.fastq.gz
99.743% of 41276 reads accepted (100.000% end-trimmed)
B047MeW3.extendedFrags.fastq.gz
99.758% of 40543 reads accepted (100.000% end-trimmed)
B048MeW5.extendedFrags.fastq.gz
99.765% of 52760 reads accepted (100.000% end-trimmed)
