F001DE1.extendedFrags.fastq.gz
99.224% of 11334 reads accepted (100.000% end-trimmed)
F002DE2.extendedFrags.fastq.gz
99.258% of 13076 reads accepted (100.000% end-trimmed)
F003DE3.extendedFrags.fastq.gz
99.310% of 14053 reads accepted (100.000% end-trimmed)
F004DET1.extendedFrags.fastq.gz
99.405% of 15120 reads accepted (100.000% end-trimmed)
F005DET2.extendedFrags.fastq.gz
100.000% of 64 reads accepted (100.000% end-trimmed)
F006DET3.extendedFrags.fastq.gz
99.395% of 17529 reads accepted (100.000% end-trimmed)
F007C1.extendedFrags.fastq.gz
99.622% of 11905 reads accepted (100.000% end-trimmed)
F008C2.extendedFrags.fastq.gz
99.596% of 9646 reads accepted (100.000% end-trimmed)
F009C3.extendedFrags.fastq.gz
99.501% of 10426 reads accepted (100.000% end-trimmed)
F010CT1.extendedFrags.fastq.gz
99.547% of 13233 reads accepted (100.000% end-trimmed)
F011CT2.extendedFrags.fastq.gz
99.632% of 16035 reads accepted (100.000% end-trimmed)
F012CT3.extendedFrags.fastq.gz
99.628% of 12886 reads accepted (100.000% end-trimmed)
F013DE4.extendedFrags.fastq.gz
99.245% of 14307 reads accepted (100.000% end-trimmed)
F014DE5.extendedFrags.fastq.gz
99.324% of 13616 reads accepted (100.000% end-trimmed)
F015DE6.extendedFrags.fastq.gz
99.347% of 13008 reads accepted (100.000% end-trimmed)
F016DET4.extendedFrags.fastq.gz
99.322% of 12391 reads accepted (100.000% end-trimmed)
F017DET5.extendedFrags.fastq.gz
99.623% of 14314 reads accepted (100.000% end-trimmed)
F018DET6.extendedFrags.fastq.gz
99.253% of 12977 reads accepted (100.000% end-trimmed)
F019C4.extendedFrags.fastq.gz
99.510% of 5309 reads accepted (100.000% end-trimmed)
F020C5.extendedFrags.fastq.gz
99.395% of 13549 reads accepted (100.000% end-trimmed)
F021C6.extendedFrags.fastq.gz
99.682% of 9758 reads accepted (100.000% end-trimmed)
F022CT4.extendedFrags.fastq.gz
99.545% of 21973 reads accepted (100.000% end-trimmed)
F023CT5.extendedFrags.fastq.gz
99.459% of 12746 reads accepted (100.000% end-trimmed)
F024CT6.extendedFrags.fastq.gz
99.446% of 12820 reads accepted (100.000% end-trimmed)
F025LS1.extendedFrags.fastq.gz
99.747% of 19352 reads accepted (100.000% end-trimmed)
F026LS4.extendedFrags.fastq.gz
99.831% of 19572 reads accepted (100.000% end-trimmed)
F027LS5.extendedFrags.fastq.gz
99.769% of 41917 reads accepted (100.000% end-trimmed)
F028LW1.extendedFrags.fastq.gz
99.731% of 7808 reads accepted (100.000% end-trimmed)
F029LW2.extendedFrags.fastq.gz
99.629% of 14841 reads accepted (100.000% end-trimmed)
F030LW3.extendedFrags.fastq.gz
99.778% of 4955 reads accepted (100.000% end-trimmed)
F031CiS1.extendedFrags.fastq.gz
99.764% of 22415 reads accepted (100.000% end-trimmed)
F032CiS4.extendedFrags.fastq.gz
99.714% of 1749 reads accepted (100.000% end-trimmed)
F033CiS5.extendedFrags.fastq.gz
99.749% of 17527 reads accepted (100.000% end-trimmed)
F034CiW1.extendedFrags.fastq.gz
99.632% of 15495 reads accepted (100.000% end-trimmed)
F035CiW2.extendedFrags.fastq.gz
99.698% of 18201 reads accepted (100.000% end-trimmed)
F036CiW3.extendedFrags.fastq.gz
99.688% of 18896 reads accepted (100.000% end-trimmed)
F037ArS3.extendedFrags.fastq.gz
99.768% of 22003 reads accepted (100.000% end-trimmed)
F038ArS4.extendedFrags.fastq.gz
99.700% of 18653 reads accepted (100.000% end-trimmed)
F039ArS5.extendedFrags.fastq.gz
99.790% of 19497 reads accepted (100.000% end-trimmed)
F040ArW1.extendedFrags.fastq.gz
99.821% of 26196 reads accepted (100.000% end-trimmed)
F041ArW2.extendedFrags.fastq.gz
99.802% of 17650 reads accepted (100.000% end-trimmed)
F042ArW3.extendedFrags.fastq.gz
99.737% of 42551 reads accepted (100.000% end-trimmed)
F043PhS3.extendedFrags.fastq.gz
99.748% of 19441 reads accepted (100.000% end-trimmed)
F044PhS4.extendedFrags.fastq.gz
99.740% of 20778 reads accepted (100.000% end-trimmed)
F045PhS5.extendedFrags.fastq.gz
99.773% of 21169 reads accepted (100.000% end-trimmed)
F046PhW1.extendedFrags.fastq.gz
99.747% of 18169 reads accepted (100.000% end-trimmed)
F047PhW2.extendedFrags.fastq.gz
99.803% of 9647 reads accepted (100.000% end-trimmed)
F048PhW3.extendedFrags.fastq.gz
99.783% of 31738 reads accepted (100.000% end-trimmed)
F049PiS3.extendedFrags.fastq.gz
99.746% of 21668 reads accepted (100.000% end-trimmed)
F050PiS4.extendedFrags.fastq.gz
99.692% of 13982 reads accepted (100.000% end-trimmed)
F051PiS5.extendedFrags.fastq.gz
99.758% of 22277 reads accepted (100.000% end-trimmed)
F052PiW1.extendedFrags.fastq.gz
99.732% of 19744 reads accepted (100.000% end-trimmed)
F053PiW2.extendedFrags.fastq.gz
99.783% of 20248 reads accepted (100.000% end-trimmed)
F054PiW3.extendedFrags.fastq.gz
99.463% of 16394 reads accepted (100.000% end-trimmed)
F055MyS1.extendedFrags.fastq.gz
99.719% of 17109 reads accepted (100.000% end-trimmed)
F056MyS2.extendedFrags.fastq.gz
100.000% of 4 reads accepted (100.000% end-trimmed)
F057MyS3.extendedFrags.fastq.gz
99.741% of 16572 reads accepted (100.000% end-trimmed)
F058MyW3.extendedFrags.fastq.gz
99.725% of 17806 reads accepted (100.000% end-trimmed)
F059MyW4.extendedFrags.fastq.gz
99.721% of 20446 reads accepted (100.000% end-trimmed)
F060MyW5.extendedFrags.fastq.gz
99.846% of 18791 reads accepted (100.000% end-trimmed)
F061QS2.extendedFrags.fastq.gz
99.748% of 19879 reads accepted (100.000% end-trimmed)
F062QS3.extendedFrags.fastq.gz
99.750% of 20026 reads accepted (100.000% end-trimmed)
F063QS4.extendedFrags.fastq.gz
99.758% of 18985 reads accepted (100.000% end-trimmed)
F064QW1.extendedFrags.fastq.gz
99.665% of 18788 reads accepted (100.000% end-trimmed)
F065QW2.extendedFrags.fastq.gz
99.665% of 19410 reads accepted (100.000% end-trimmed)
F066QW4.extendedFrags.fastq.gz
99.682% of 20449 reads accepted (100.000% end-trimmed)
F067MeS2.extendedFrags.fastq.gz
99.698% of 20228 reads accepted (100.000% end-trimmed)
F068MeS3.extendedFrags.fastq.gz
99.776% of 20134 reads accepted (100.000% end-trimmed)
F069MeS5.extendedFrags.fastq.gz
99.671% of 20065 reads accepted (100.000% end-trimmed)
F070MeW2.extendedFrags.fastq.gz
99.578% of 16115 reads accepted (100.000% end-trimmed)
F071MeW3.extendedFrags.fastq.gz
99.624% of 15165 reads accepted (100.000% end-trimmed)
F072MeW5.extendedFrags.fastq.gz
99.621% of 17944 reads accepted (100.000% end-trimmed)
